<?xml version="1.0" encoding="UTF-8"?>
<testng-results ignored="0" total="2" passed="2" failed="0" skipped="0">
  <reporter-output>
  </reporter-output>
  <suite started-at="2024-06-29T23:19:11 IST" name="Default suite" finished-at="2024-06-29T23:19:15 IST" duration-ms="3771">
    <groups>
    </groups>
    <test started-at="2024-06-29T23:19:11 IST" name="Default test" finished-at="2024-06-29T23:19:15 IST" duration-ms="3771">
      <class name="TestCases.LogoutFlow">
        <test-method is-config="true" signature="startBrowser()[pri:0, instance:TestCases.LogoutFlow@5ef5c734]" started-at="2024-06-29T23:19:11 IST" name="startBrowser" finished-at="2024-06-29T23:19:13 IST" duration-ms="2578" status="PASS">
          <reporter-output>
          </reporter-output>
        </test-method> <!-- startBrowser -->
        <test-method signature="InitiateHomePage()[pri:0, instance:TestCases.LogoutFlow@5ef5c734]" started-at="2024-06-29T23:19:13 IST" name="InitiateHomePage" finished-at="2024-06-29T23:19:14 IST" duration-ms="488" status="PASS">
          <reporter-output>
          </reporter-output>
        </test-method> <!-- InitiateHomePage -->
        <test-method signature="verifyLogOutFlow()[pri:1, instance:TestCases.LogoutFlow@5ef5c734]" started-at="2024-06-29T23:19:14 IST" name="verifyLogOutFlow" finished-at="2024-06-29T23:19:14 IST" depends-on-methods="TestCases.LogoutFlow.InitiateHomePage" duration-ms="299" status="PASS">
          <reporter-output>
          </reporter-output>
        </test-method> <!-- verifyLogOutFlow -->
        <test-method is-config="true" signature="closeBrowser()[pri:0, instance:TestCases.LogoutFlow@5ef5c734]" started-at="2024-06-29T23:19:14 IST" name="closeBrowser" finished-at="2024-06-29T23:19:15 IST" duration-ms="283" status="PASS">
          <reporter-output>
          </reporter-output>
        </test-method> <!-- closeBrowser -->
      </class> <!-- TestCases.LogoutFlow -->
    </test> <!-- Default test -->
  </suite> <!-- Default suite -->
</testng-results>
